<?xml version="1.0" encoding="UTF-8"?>
<!-- Generated by org.testng.reporters.JUnitXMLReporter -->
<testsuite hostname="DESKTOP-32AV7CG" name="Default test" tests="1" failures="0" timestamp="6 Aug 2016 05:23:50 GMT" time="0.063" errors="0">
  <testcase name="@BeforeClass beforeClass" time="0.0" classname="com.org.Example.myproject.TestTPGroupCreateCARequestor">
    <failure type="java.lang.IllegalStateException" message="The driver executable does not exist: C:\Users\nagarjunac\Documents\AutoPermissionSet\Driverpathchromedriver.exe">
      <![CDATA[java.lang.IllegalStateException: The driver executable does not exist: C:\Users\nagarjunac\Documents\AutoPermissionSet\Driverpathchromedriver.exe
	at com.google.common.base.Preconditions.checkState(Preconditions.java:199)
	at org.openqa.selenium.remote.service.DriverService.checkExecutable(DriverService.java:121)
	at org.openqa.selenium.remote.service.DriverService.findExecutable(DriverService.java:116)
	at org.openqa.selenium.chrome.ChromeDriverService.access$000(ChromeDriverService.java:32)
	at org.openqa.selenium.chrome.ChromeDriverService$Builder.findDefaultExecutable(ChromeDriverService.java:137)
	at org.openqa.selenium.remote.service.DriverService$Builder.build(DriverService.java:296)
	at org.openqa.selenium.chrome.ChromeDriverService.createDefaultService(ChromeDriverService.java:88)
	at org.openqa.selenium.chrome.ChromeDriver.<init>(ChromeDriver.java:116)
	at com.org.Example.myproject.TestTPGroupCreateCARequestor.beforeClass(TestTPGroupCreateCARequestor.java:30)
... Removed 24 stack frames]]>
    </failure>
  </testcase> <!-- @BeforeClass beforeClass -->
  <testcase name="@AfterClass afterClass" time="0.0" classname="com.org.Example.myproject.TestTPGroupCreateCARequestor">
    <skipped/>
  </testcase> <!-- @AfterClass afterClass -->
  <testcase name="CreateTPGroup" time="0.0" classname="com.org.Example.myproject.TestTPGroupCreateCARequestor">
    <skipped/>
  </testcase> <!-- CreateTPGroup -->
</testsuite> <!-- Default test -->
